[INFO ] 2025-11-10 14:03:42.383 [RMI TCP Connection(2)-127.0.0.1] ApplicationConfig - Initializing JAX-RS Application
[DEBUG] 2025-11-10 14:03:42.396 [RMI TCP Connection(2)-127.0.0.1] ApplicationConfig - Registered resources: [class io.swagger.v3.jaxrs2.integration.resources.OpenApiResource, class com.foodtruck.app.Service]
[DEBUG] 2025-11-10 14:03:42.396 [RMI TCP Connection(2)-127.0.0.1] ApplicationConfig - Registered resources: [class io.swagger.v3.jaxrs2.integration.resources.OpenApiResource, class com.foodtruck.app.Service]
[INFO ] 2025-11-10 14:08:25.234 [RMI TCP Connection(2)-127.0.0.1] ApplicationConfig - Registered REST resources and Swagger OpenApiResource
[INFO ] 2025-11-10 14:08:25.253 [RMI TCP Connection(2)-127.0.0.1] ApplicationConfig - Registered REST resources and Swagger OpenApiResource
[ERROR] 2025-11-14 10:15:18.750 [main] Database - Cannot load database properties
java.lang.NullPointerException: inStream parameter is null
	at java.util.Objects.requireNonNull(Objects.java:248) ~[?:?]
	at java.util.Properties.load(Properties.java:406) ~[?:?]
	at com.foodtruck.testsupport.Database.loadProperties(Database.java:33) ~[test-classes/:?]
	at com.foodtruck.testsupport.Database.<init>(Database.java:26) ~[test-classes/:?]
	at com.foodtruck.testsupport.Database.<clinit>(Database.java:19) ~[test-classes/:?]
	at com.foodtruck.testsupport.DbReset.setUp(DbReset.java:9) ~[test-classes/:?]
	at jdk.internal.reflect.NativeMethodAccessorImpl.invoke0(Native Method) ~[?:?]
	at jdk.internal.reflect.NativeMethodAccessorImpl.invoke(NativeMethodAccessorImpl.java:62) ~[?:?]
	at jdk.internal.reflect.DelegatingMethodAccessorImpl.invoke(DelegatingMethodAccessorImpl.java:43) ~[?:?]
	at java.lang.reflect.Method.invoke(Method.java:566) ~[?:?]
	at org.junit.runners.model.FrameworkMethod$1.runReflectiveCall(FrameworkMethod.java:50) ~[junit-4.12.jar:4.12]
	at org.junit.internal.runners.model.ReflectiveCallable.run(ReflectiveCallable.java:12) ~[junit-4.12.jar:4.12]
	at org.junit.runners.model.FrameworkMethod.invokeExplosively(FrameworkMethod.java:47) ~[junit-4.12.jar:4.12]
	at org.junit.internal.runners.statements.RunBefores.evaluate(RunBefores.java:24) ~[junit-4.12.jar:4.12]
	at org.junit.runners.ParentRunner.runLeaf(ParentRunner.java:325) ~[junit-4.12.jar:4.12]
	at org.junit.runners.BlockJUnit4ClassRunner.runChild(BlockJUnit4ClassRunner.java:78) ~[junit-4.12.jar:4.12]
	at org.junit.runners.BlockJUnit4ClassRunner.runChild(BlockJUnit4ClassRunner.java:57) ~[junit-4.12.jar:4.12]
	at org.junit.runners.ParentRunner$3.run(ParentRunner.java:290) ~[junit-4.12.jar:4.12]
	at org.junit.runners.ParentRunner$1.schedule(ParentRunner.java:71) ~[junit-4.12.jar:4.12]
	at org.junit.runners.ParentRunner.runChildren(ParentRunner.java:288) ~[junit-4.12.jar:4.12]
	at org.junit.runners.ParentRunner.access$000(ParentRunner.java:58) ~[junit-4.12.jar:4.12]
	at org.junit.runners.ParentRunner$2.evaluate(ParentRunner.java:268) ~[junit-4.12.jar:4.12]
	at org.junit.runners.ParentRunner.run(ParentRunner.java:363) ~[junit-4.12.jar:4.12]
	at org.junit.runner.JUnitCore.run(JUnitCore.java:137) ~[junit-4.12.jar:4.12]
	at org.junit.runner.JUnitCore.run(JUnitCore.java:115) ~[junit-4.12.jar:4.12]
	at org.junit.vintage.engine.execution.RunnerExecutor.execute(RunnerExecutor.java:42) ~[junit-vintage-engine-4.12.0.jar:4.12.0]
	at java.util.stream.ForEachOps$ForEachOp$OfRef.accept(ForEachOps.java:183) [?:?]
	at java.util.stream.ReferencePipeline$3$1.accept(ReferencePipeline.java:195) [?:?]
	at java.util.Iterator.forEachRemaining(Iterator.java:133) [?:?]
	at java.util.Spliterators$IteratorSpliterator.forEachRemaining(Spliterators.java:1801) [?:?]
	at java.util.stream.AbstractPipeline.copyInto(AbstractPipeline.java:484) [?:?]
	at java.util.stream.AbstractPipeline.wrapAndCopyInto(AbstractPipeline.java:474) [?:?]
	at java.util.stream.ForEachOps$ForEachOp.evaluateSequential(ForEachOps.java:150) [?:?]
	at java.util.stream.ForEachOps$ForEachOp$OfRef.evaluateSequential(ForEachOps.java:173) [?:?]
	at java.util.stream.AbstractPipeline.evaluate(AbstractPipeline.java:234) [?:?]
	at java.util.stream.ReferencePipeline.forEach(ReferencePipeline.java:497) [?:?]
	at org.junit.vintage.engine.VintageTestEngine.executeAllChildren(VintageTestEngine.java:83) [junit-vintage-engine-4.12.0.jar:4.12.0]
	at org.junit.vintage.engine.VintageTestEngine.execute(VintageTestEngine.java:74) [junit-vintage-engine-4.12.0.jar:4.12.0]
	at org.junit.platform.launcher.core.DefaultLauncher.execute(DefaultLauncher.java:170) [junit-platform-launcher-1.0.0.jar:1.0.0]
	at org.junit.platform.launcher.core.DefaultLauncher.execute(DefaultLauncher.java:154) [junit-platform-launcher-1.0.0.jar:1.0.0]
	at org.junit.platform.launcher.core.DefaultLauncher.execute(DefaultLauncher.java:90) [junit-platform-launcher-1.0.0.jar:1.0.0]
	at org.junit.platform.surefire.provider.JUnitPlatformProvider.invokeSingleClass(JUnitPlatformProvider.java:144) [junit-platform-surefire-provider-1.0.0.jar:1.0.0]
	at org.junit.platform.surefire.provider.JUnitPlatformProvider.invokeAllTests(JUnitPlatformProvider.java:126) [junit-platform-surefire-provider-1.0.0.jar:1.0.0]
	at org.junit.platform.surefire.provider.JUnitPlatformProvider.invoke(JUnitPlatformProvider.java:105) [junit-platform-surefire-provider-1.0.0.jar:1.0.0]
	at org.apache.maven.surefire.booter.ForkedBooter.invokeProviderInSameClassLoader(ForkedBooter.java:286) [surefire-booter-2.19.jar:2.19]
	at org.apache.maven.surefire.booter.ForkedBooter.runSuitesInProcess(ForkedBooter.java:240) [surefire-booter-2.19.jar:2.19]
	at org.apache.maven.surefire.booter.ForkedBooter.main(ForkedBooter.java:121) [surefire-booter-2.19.jar:2.19]
[ERROR] 2025-11-14 10:15:18.771 [main] Database - Exception while reading file: cleanDB.sql
java.lang.NullPointerException: null
	at java.lang.Class.forName0(Native Method) ~[?:?]
	at java.lang.Class.forName(Class.java:315) ~[?:?]
	at com.foodtruck.testsupport.Database.connect(Database.java:54) ~[test-classes/:?]
	at com.foodtruck.testsupport.Database.runSQL(Database.java:91) ~[test-classes/:?]
	at com.foodtruck.testsupport.DbReset.setUp(DbReset.java:10) ~[test-classes/:?]
	at jdk.internal.reflect.NativeMethodAccessorImpl.invoke0(Native Method) ~[?:?]
	at jdk.internal.reflect.NativeMethodAccessorImpl.invoke(NativeMethodAccessorImpl.java:62) ~[?:?]
	at jdk.internal.reflect.DelegatingMethodAccessorImpl.invoke(DelegatingMethodAccessorImpl.java:43) ~[?:?]
	at java.lang.reflect.Method.invoke(Method.java:566) ~[?:?]
	at org.junit.runners.model.FrameworkMethod$1.runReflectiveCall(FrameworkMethod.java:50) ~[junit-4.12.jar:4.12]
	at org.junit.internal.runners.model.ReflectiveCallable.run(ReflectiveCallable.java:12) ~[junit-4.12.jar:4.12]
	at org.junit.runners.model.FrameworkMethod.invokeExplosively(FrameworkMethod.java:47) ~[junit-4.12.jar:4.12]
	at org.junit.internal.runners.statements.RunBefores.evaluate(RunBefores.java:24) ~[junit-4.12.jar:4.12]
	at org.junit.runners.ParentRunner.runLeaf(ParentRunner.java:325) ~[junit-4.12.jar:4.12]
	at org.junit.runners.BlockJUnit4ClassRunner.runChild(BlockJUnit4ClassRunner.java:78) ~[junit-4.12.jar:4.12]
	at org.junit.runners.BlockJUnit4ClassRunner.runChild(BlockJUnit4ClassRunner.java:57) ~[junit-4.12.jar:4.12]
	at org.junit.runners.ParentRunner$3.run(ParentRunner.java:290) ~[junit-4.12.jar:4.12]
	at org.junit.runners.ParentRunner$1.schedule(ParentRunner.java:71) ~[junit-4.12.jar:4.12]
	at org.junit.runners.ParentRunner.runChildren(ParentRunner.java:288) ~[junit-4.12.jar:4.12]
	at org.junit.runners.ParentRunner.access$000(ParentRunner.java:58) ~[junit-4.12.jar:4.12]
	at org.junit.runners.ParentRunner$2.evaluate(ParentRunner.java:268) ~[junit-4.12.jar:4.12]
	at org.junit.runners.ParentRunner.run(ParentRunner.java:363) ~[junit-4.12.jar:4.12]
	at org.junit.runner.JUnitCore.run(JUnitCore.java:137) ~[junit-4.12.jar:4.12]
	at org.junit.runner.JUnitCore.run(JUnitCore.java:115) ~[junit-4.12.jar:4.12]
	at org.junit.vintage.engine.execution.RunnerExecutor.execute(RunnerExecutor.java:42) ~[junit-vintage-engine-4.12.0.jar:4.12.0]
	at java.util.stream.ForEachOps$ForEachOp$OfRef.accept(ForEachOps.java:183) [?:?]
	at java.util.stream.ReferencePipeline$3$1.accept(ReferencePipeline.java:195) [?:?]
	at java.util.Iterator.forEachRemaining(Iterator.java:133) [?:?]
	at java.util.Spliterators$IteratorSpliterator.forEachRemaining(Spliterators.java:1801) [?:?]
	at java.util.stream.AbstractPipeline.copyInto(AbstractPipeline.java:484) [?:?]
	at java.util.stream.AbstractPipeline.wrapAndCopyInto(AbstractPipeline.java:474) [?:?]
	at java.util.stream.ForEachOps$ForEachOp.evaluateSequential(ForEachOps.java:150) [?:?]
	at java.util.stream.ForEachOps$ForEachOp$OfRef.evaluateSequential(ForEachOps.java:173) [?:?]
	at java.util.stream.AbstractPipeline.evaluate(AbstractPipeline.java:234) [?:?]
	at java.util.stream.ReferencePipeline.forEach(ReferencePipeline.java:497) [?:?]
	at org.junit.vintage.engine.VintageTestEngine.executeAllChildren(VintageTestEngine.java:83) [junit-vintage-engine-4.12.0.jar:4.12.0]
	at org.junit.vintage.engine.VintageTestEngine.execute(VintageTestEngine.java:74) [junit-vintage-engine-4.12.0.jar:4.12.0]
	at org.junit.platform.launcher.core.DefaultLauncher.execute(DefaultLauncher.java:170) [junit-platform-launcher-1.0.0.jar:1.0.0]
	at org.junit.platform.launcher.core.DefaultLauncher.execute(DefaultLauncher.java:154) [junit-platform-launcher-1.0.0.jar:1.0.0]
	at org.junit.platform.launcher.core.DefaultLauncher.execute(DefaultLauncher.java:90) [junit-platform-launcher-1.0.0.jar:1.0.0]
	at org.junit.platform.surefire.provider.JUnitPlatformProvider.invokeSingleClass(JUnitPlatformProvider.java:144) [junit-platform-surefire-provider-1.0.0.jar:1.0.0]
	at org.junit.platform.surefire.provider.JUnitPlatformProvider.invokeAllTests(JUnitPlatformProvider.java:126) [junit-platform-surefire-provider-1.0.0.jar:1.0.0]
	at org.junit.platform.surefire.provider.JUnitPlatformProvider.invoke(JUnitPlatformProvider.java:105) [junit-platform-surefire-provider-1.0.0.jar:1.0.0]
	at org.apache.maven.surefire.booter.ForkedBooter.invokeProviderInSameClassLoader(ForkedBooter.java:286) [surefire-booter-2.19.jar:2.19]
	at org.apache.maven.surefire.booter.ForkedBooter.runSuitesInProcess(ForkedBooter.java:240) [surefire-booter-2.19.jar:2.19]
	at org.apache.maven.surefire.booter.ForkedBooter.main(ForkedBooter.java:121) [surefire-booter-2.19.jar:2.19]
[ERROR] 2025-11-14 10:16:22.192 [main] Database - Exception while reading file: cleanDB.sql
java.lang.NullPointerException: null
	at java.lang.Class.forName0(Native Method) ~[?:?]
	at java.lang.Class.forName(Class.java:315) ~[?:?]
	at com.foodtruck.testsupport.Database.connect(Database.java:54) ~[test-classes/:?]
	at com.foodtruck.testsupport.Database.runSQL(Database.java:91) ~[test-classes/:?]
	at com.foodtruck.testsupport.DbReset.setUp(DbReset.java:10) ~[test-classes/:?]
	at jdk.internal.reflect.NativeMethodAccessorImpl.invoke0(Native Method) ~[?:?]
	at jdk.internal.reflect.NativeMethodAccessorImpl.invoke(NativeMethodAccessorImpl.java:62) ~[?:?]
	at jdk.internal.reflect.DelegatingMethodAccessorImpl.invoke(DelegatingMethodAccessorImpl.java:43) ~[?:?]
	at java.lang.reflect.Method.invoke(Method.java:566) ~[?:?]
	at org.junit.runners.model.FrameworkMethod$1.runReflectiveCall(FrameworkMethod.java:50) ~[junit-4.12.jar:4.12]
	at org.junit.internal.runners.model.ReflectiveCallable.run(ReflectiveCallable.java:12) ~[junit-4.12.jar:4.12]
	at org.junit.runners.model.FrameworkMethod.invokeExplosively(FrameworkMethod.java:47) ~[junit-4.12.jar:4.12]
	at org.junit.internal.runners.statements.RunBefores.evaluate(RunBefores.java:24) ~[junit-4.12.jar:4.12]
	at org.junit.runners.ParentRunner.runLeaf(ParentRunner.java:325) ~[junit-4.12.jar:4.12]
	at org.junit.runners.BlockJUnit4ClassRunner.runChild(BlockJUnit4ClassRunner.java:78) ~[junit-4.12.jar:4.12]
	at org.junit.runners.BlockJUnit4ClassRunner.runChild(BlockJUnit4ClassRunner.java:57) ~[junit-4.12.jar:4.12]
	at org.junit.runners.ParentRunner$3.run(ParentRunner.java:290) ~[junit-4.12.jar:4.12]
	at org.junit.runners.ParentRunner$1.schedule(ParentRunner.java:71) ~[junit-4.12.jar:4.12]
	at org.junit.runners.ParentRunner.runChildren(ParentRunner.java:288) ~[junit-4.12.jar:4.12]
	at org.junit.runners.ParentRunner.access$000(ParentRunner.java:58) ~[junit-4.12.jar:4.12]
	at org.junit.runners.ParentRunner$2.evaluate(ParentRunner.java:268) ~[junit-4.12.jar:4.12]
	at org.junit.runners.ParentRunner.run(ParentRunner.java:363) ~[junit-4.12.jar:4.12]
	at org.junit.runner.JUnitCore.run(JUnitCore.java:137) ~[junit-4.12.jar:4.12]
	at org.junit.runner.JUnitCore.run(JUnitCore.java:115) ~[junit-4.12.jar:4.12]
	at org.junit.vintage.engine.execution.RunnerExecutor.execute(RunnerExecutor.java:42) ~[junit-vintage-engine-4.12.0.jar:4.12.0]
	at java.util.stream.ForEachOps$ForEachOp$OfRef.accept(ForEachOps.java:183) [?:?]
	at java.util.stream.ReferencePipeline$3$1.accept(ReferencePipeline.java:195) [?:?]
	at java.util.Iterator.forEachRemaining(Iterator.java:133) [?:?]
	at java.util.Spliterators$IteratorSpliterator.forEachRemaining(Spliterators.java:1801) [?:?]
	at java.util.stream.AbstractPipeline.copyInto(AbstractPipeline.java:484) [?:?]
	at java.util.stream.AbstractPipeline.wrapAndCopyInto(AbstractPipeline.java:474) [?:?]
	at java.util.stream.ForEachOps$ForEachOp.evaluateSequential(ForEachOps.java:150) [?:?]
	at java.util.stream.ForEachOps$ForEachOp$OfRef.evaluateSequential(ForEachOps.java:173) [?:?]
	at java.util.stream.AbstractPipeline.evaluate(AbstractPipeline.java:234) [?:?]
	at java.util.stream.ReferencePipeline.forEach(ReferencePipeline.java:497) [?:?]
	at org.junit.vintage.engine.VintageTestEngine.executeAllChildren(VintageTestEngine.java:83) [junit-vintage-engine-4.12.0.jar:4.12.0]
	at org.junit.vintage.engine.VintageTestEngine.execute(VintageTestEngine.java:74) [junit-vintage-engine-4.12.0.jar:4.12.0]
	at org.junit.platform.launcher.core.DefaultLauncher.execute(DefaultLauncher.java:170) [junit-platform-launcher-1.0.0.jar:1.0.0]
	at org.junit.platform.launcher.core.DefaultLauncher.execute(DefaultLauncher.java:154) [junit-platform-launcher-1.0.0.jar:1.0.0]
	at org.junit.platform.launcher.core.DefaultLauncher.execute(DefaultLauncher.java:90) [junit-platform-launcher-1.0.0.jar:1.0.0]
	at org.junit.platform.surefire.provider.JUnitPlatformProvider.invokeSingleClass(JUnitPlatformProvider.java:144) [junit-platform-surefire-provider-1.0.0.jar:1.0.0]
	at org.junit.platform.surefire.provider.JUnitPlatformProvider.invokeAllTests(JUnitPlatformProvider.java:126) [junit-platform-surefire-provider-1.0.0.jar:1.0.0]
	at org.junit.platform.surefire.provider.JUnitPlatformProvider.invoke(JUnitPlatformProvider.java:105) [junit-platform-surefire-provider-1.0.0.jar:1.0.0]
	at org.apache.maven.surefire.booter.ForkedBooter.invokeProviderInSameClassLoader(ForkedBooter.java:286) [surefire-booter-2.19.jar:2.19]
	at org.apache.maven.surefire.booter.ForkedBooter.runSuitesInProcess(ForkedBooter.java:240) [surefire-booter-2.19.jar:2.19]
	at org.apache.maven.surefire.booter.ForkedBooter.main(ForkedBooter.java:121) [surefire-booter-2.19.jar:2.19]
[ERROR] 2025-11-14 10:16:52.675 [main] Database - Exception while reading file: cleanDB.sql
java.lang.NullPointerException: null
	at java.lang.Class.forName0(Native Method) ~[?:?]
	at java.lang.Class.forName(Class.java:315) ~[?:?]
	at com.foodtruck.testsupport.Database.connect(Database.java:54) ~[test-classes/:?]
	at com.foodtruck.testsupport.Database.runSQL(Database.java:91) ~[test-classes/:?]
	at com.foodtruck.testsupport.DbReset.setUp(DbReset.java:10) ~[test-classes/:?]
	at jdk.internal.reflect.NativeMethodAccessorImpl.invoke0(Native Method) ~[?:?]
	at jdk.internal.reflect.NativeMethodAccessorImpl.invoke(NativeMethodAccessorImpl.java:62) ~[?:?]
	at jdk.internal.reflect.DelegatingMethodAccessorImpl.invoke(DelegatingMethodAccessorImpl.java:43) ~[?:?]
	at java.lang.reflect.Method.invoke(Method.java:566) ~[?:?]
	at org.junit.runners.model.FrameworkMethod$1.runReflectiveCall(FrameworkMethod.java:50) ~[junit-4.12.jar:4.12]
	at org.junit.internal.runners.model.ReflectiveCallable.run(ReflectiveCallable.java:12) ~[junit-4.12.jar:4.12]
	at org.junit.runners.model.FrameworkMethod.invokeExplosively(FrameworkMethod.java:47) ~[junit-4.12.jar:4.12]
	at org.junit.internal.runners.statements.RunBefores.evaluate(RunBefores.java:24) ~[junit-4.12.jar:4.12]
	at org.junit.runners.ParentRunner.runLeaf(ParentRunner.java:325) ~[junit-4.12.jar:4.12]
	at org.junit.runners.BlockJUnit4ClassRunner.runChild(BlockJUnit4ClassRunner.java:78) ~[junit-4.12.jar:4.12]
	at org.junit.runners.BlockJUnit4ClassRunner.runChild(BlockJUnit4ClassRunner.java:57) ~[junit-4.12.jar:4.12]
	at org.junit.runners.ParentRunner$3.run(ParentRunner.java:290) ~[junit-4.12.jar:4.12]
	at org.junit.runners.ParentRunner$1.schedule(ParentRunner.java:71) ~[junit-4.12.jar:4.12]
	at org.junit.runners.ParentRunner.runChildren(ParentRunner.java:288) ~[junit-4.12.jar:4.12]
	at org.junit.runners.ParentRunner.access$000(ParentRunner.java:58) ~[junit-4.12.jar:4.12]
	at org.junit.runners.ParentRunner$2.evaluate(ParentRunner.java:268) ~[junit-4.12.jar:4.12]
	at org.junit.runners.ParentRunner.run(ParentRunner.java:363) ~[junit-4.12.jar:4.12]
	at org.junit.runner.JUnitCore.run(JUnitCore.java:137) ~[junit-4.12.jar:4.12]
	at org.junit.runner.JUnitCore.run(JUnitCore.java:115) ~[junit-4.12.jar:4.12]
	at org.junit.vintage.engine.execution.RunnerExecutor.execute(RunnerExecutor.java:42) ~[junit-vintage-engine-4.12.0.jar:4.12.0]
	at java.util.stream.ForEachOps$ForEachOp$OfRef.accept(ForEachOps.java:183) [?:?]
	at java.util.stream.ReferencePipeline$3$1.accept(ReferencePipeline.java:195) [?:?]
	at java.util.Iterator.forEachRemaining(Iterator.java:133) [?:?]
	at java.util.Spliterators$IteratorSpliterator.forEachRemaining(Spliterators.java:1801) [?:?]
	at java.util.stream.AbstractPipeline.copyInto(AbstractPipeline.java:484) [?:?]
	at java.util.stream.AbstractPipeline.wrapAndCopyInto(AbstractPipeline.java:474) [?:?]
	at java.util.stream.ForEachOps$ForEachOp.evaluateSequential(ForEachOps.java:150) [?:?]
	at java.util.stream.ForEachOps$ForEachOp$OfRef.evaluateSequential(ForEachOps.java:173) [?:?]
	at java.util.stream.AbstractPipeline.evaluate(AbstractPipeline.java:234) [?:?]
	at java.util.stream.ReferencePipeline.forEach(ReferencePipeline.java:497) [?:?]
	at org.junit.vintage.engine.VintageTestEngine.executeAllChildren(VintageTestEngine.java:83) [junit-vintage-engine-4.12.0.jar:4.12.0]
	at org.junit.vintage.engine.VintageTestEngine.execute(VintageTestEngine.java:74) [junit-vintage-engine-4.12.0.jar:4.12.0]
	at org.junit.platform.launcher.core.DefaultLauncher.execute(DefaultLauncher.java:170) [junit-platform-launcher-1.0.0.jar:1.0.0]
	at org.junit.platform.launcher.core.DefaultLauncher.execute(DefaultLauncher.java:154) [junit-platform-launcher-1.0.0.jar:1.0.0]
	at org.junit.platform.launcher.core.DefaultLauncher.execute(DefaultLauncher.java:90) [junit-platform-launcher-1.0.0.jar:1.0.0]
	at org.junit.platform.surefire.provider.JUnitPlatformProvider.invokeSingleClass(JUnitPlatformProvider.java:144) [junit-platform-surefire-provider-1.0.0.jar:1.0.0]
	at org.junit.platform.surefire.provider.JUnitPlatformProvider.invokeAllTests(JUnitPlatformProvider.java:126) [junit-platform-surefire-provider-1.0.0.jar:1.0.0]
	at org.junit.platform.surefire.provider.JUnitPlatformProvider.invoke(JUnitPlatformProvider.java:105) [junit-platform-surefire-provider-1.0.0.jar:1.0.0]
	at org.apache.maven.surefire.booter.ForkedBooter.invokeProviderInSameClassLoader(ForkedBooter.java:286) [surefire-booter-2.19.jar:2.19]
	at org.apache.maven.surefire.booter.ForkedBooter.runSuitesInProcess(ForkedBooter.java:240) [surefire-booter-2.19.jar:2.19]
	at org.apache.maven.surefire.booter.ForkedBooter.main(ForkedBooter.java:121) [surefire-booter-2.19.jar:2.19]
[ERROR] 2025-11-14 10:17:22.908 [main] Database - Exception while reading file: cleanDB.sql
java.lang.NullPointerException: null
	at java.lang.Class.forName0(Native Method) ~[?:?]
	at java.lang.Class.forName(Class.java:315) ~[?:?]
	at com.foodtruck.testsupport.Database.connect(Database.java:54) ~[test-classes/:?]
	at com.foodtruck.testsupport.Database.runSQL(Database.java:91) ~[test-classes/:?]
	at com.foodtruck.testsupport.DbReset.setUp(DbReset.java:10) ~[test-classes/:?]
	at jdk.internal.reflect.NativeMethodAccessorImpl.invoke0(Native Method) ~[?:?]
	at jdk.internal.reflect.NativeMethodAccessorImpl.invoke(NativeMethodAccessorImpl.java:62) ~[?:?]
	at jdk.internal.reflect.DelegatingMethodAccessorImpl.invoke(DelegatingMethodAccessorImpl.java:43) ~[?:?]
	at java.lang.reflect.Method.invoke(Method.java:566) ~[?:?]
	at org.junit.runners.model.FrameworkMethod$1.runReflectiveCall(FrameworkMethod.java:50) ~[junit-4.12.jar:4.12]
	at org.junit.internal.runners.model.ReflectiveCallable.run(ReflectiveCallable.java:12) ~[junit-4.12.jar:4.12]
	at org.junit.runners.model.FrameworkMethod.invokeExplosively(FrameworkMethod.java:47) ~[junit-4.12.jar:4.12]
	at org.junit.internal.runners.statements.RunBefores.evaluate(RunBefores.java:24) ~[junit-4.12.jar:4.12]
	at org.junit.runners.ParentRunner.runLeaf(ParentRunner.java:325) ~[junit-4.12.jar:4.12]
	at org.junit.runners.BlockJUnit4ClassRunner.runChild(BlockJUnit4ClassRunner.java:78) ~[junit-4.12.jar:4.12]
	at org.junit.runners.BlockJUnit4ClassRunner.runChild(BlockJUnit4ClassRunner.java:57) ~[junit-4.12.jar:4.12]
	at org.junit.runners.ParentRunner$3.run(ParentRunner.java:290) ~[junit-4.12.jar:4.12]
	at org.junit.runners.ParentRunner$1.schedule(ParentRunner.java:71) ~[junit-4.12.jar:4.12]
	at org.junit.runners.ParentRunner.runChildren(ParentRunner.java:288) ~[junit-4.12.jar:4.12]
	at org.junit.runners.ParentRunner.access$000(ParentRunner.java:58) ~[junit-4.12.jar:4.12]
	at org.junit.runners.ParentRunner$2.evaluate(ParentRunner.java:268) ~[junit-4.12.jar:4.12]
	at org.junit.runners.ParentRunner.run(ParentRunner.java:363) ~[junit-4.12.jar:4.12]
	at org.junit.runner.JUnitCore.run(JUnitCore.java:137) ~[junit-4.12.jar:4.12]
	at org.junit.runner.JUnitCore.run(JUnitCore.java:115) ~[junit-4.12.jar:4.12]
	at org.junit.vintage.engine.execution.RunnerExecutor.execute(RunnerExecutor.java:42) ~[junit-vintage-engine-4.12.0.jar:4.12.0]
	at java.util.stream.ForEachOps$ForEachOp$OfRef.accept(ForEachOps.java:183) [?:?]
	at java.util.stream.ReferencePipeline$3$1.accept(ReferencePipeline.java:195) [?:?]
	at java.util.Iterator.forEachRemaining(Iterator.java:133) [?:?]
	at java.util.Spliterators$IteratorSpliterator.forEachRemaining(Spliterators.java:1801) [?:?]
	at java.util.stream.AbstractPipeline.copyInto(AbstractPipeline.java:484) [?:?]
	at java.util.stream.AbstractPipeline.wrapAndCopyInto(AbstractPipeline.java:474) [?:?]
	at java.util.stream.ForEachOps$ForEachOp.evaluateSequential(ForEachOps.java:150) [?:?]
	at java.util.stream.ForEachOps$ForEachOp$OfRef.evaluateSequential(ForEachOps.java:173) [?:?]
	at java.util.stream.AbstractPipeline.evaluate(AbstractPipeline.java:234) [?:?]
	at java.util.stream.ReferencePipeline.forEach(ReferencePipeline.java:497) [?:?]
	at org.junit.vintage.engine.VintageTestEngine.executeAllChildren(VintageTestEngine.java:83) [junit-vintage-engine-4.12.0.jar:4.12.0]
	at org.junit.vintage.engine.VintageTestEngine.execute(VintageTestEngine.java:74) [junit-vintage-engine-4.12.0.jar:4.12.0]
	at org.junit.platform.launcher.core.DefaultLauncher.execute(DefaultLauncher.java:170) [junit-platform-launcher-1.0.0.jar:1.0.0]
	at org.junit.platform.launcher.core.DefaultLauncher.execute(DefaultLauncher.java:154) [junit-platform-launcher-1.0.0.jar:1.0.0]
	at org.junit.platform.launcher.core.DefaultLauncher.execute(DefaultLauncher.java:90) [junit-platform-launcher-1.0.0.jar:1.0.0]
	at org.junit.platform.surefire.provider.JUnitPlatformProvider.invokeSingleClass(JUnitPlatformProvider.java:144) [junit-platform-surefire-provider-1.0.0.jar:1.0.0]
	at org.junit.platform.surefire.provider.JUnitPlatformProvider.invokeAllTests(JUnitPlatformProvider.java:126) [junit-platform-surefire-provider-1.0.0.jar:1.0.0]
	at org.junit.platform.surefire.provider.JUnitPlatformProvider.invoke(JUnitPlatformProvider.java:105) [junit-platform-surefire-provider-1.0.0.jar:1.0.0]
	at org.apache.maven.surefire.booter.ForkedBooter.invokeProviderInSameClassLoader(ForkedBooter.java:286) [surefire-booter-2.19.jar:2.19]
	at org.apache.maven.surefire.booter.ForkedBooter.runSuitesInProcess(ForkedBooter.java:240) [surefire-booter-2.19.jar:2.19]
	at org.apache.maven.surefire.booter.ForkedBooter.main(ForkedBooter.java:121) [surefire-booter-2.19.jar:2.19]
[ERROR] 2025-11-14 10:17:53.182 [main] Database - Exception while reading file: cleanDB.sql
java.lang.NullPointerException: null
	at java.lang.Class.forName0(Native Method) ~[?:?]
	at java.lang.Class.forName(Class.java:315) ~[?:?]
	at com.foodtruck.testsupport.Database.connect(Database.java:54) ~[test-classes/:?]
	at com.foodtruck.testsupport.Database.runSQL(Database.java:91) ~[test-classes/:?]
	at com.foodtruck.testsupport.DbReset.setUp(DbReset.java:10) ~[test-classes/:?]
	at jdk.internal.reflect.NativeMethodAccessorImpl.invoke0(Native Method) ~[?:?]
	at jdk.internal.reflect.NativeMethodAccessorImpl.invoke(NativeMethodAccessorImpl.java:62) ~[?:?]
	at jdk.internal.reflect.DelegatingMethodAccessorImpl.invoke(DelegatingMethodAccessorImpl.java:43) ~[?:?]
	at java.lang.reflect.Method.invoke(Method.java:566) ~[?:?]
	at org.junit.runners.model.FrameworkMethod$1.runReflectiveCall(FrameworkMethod.java:50) ~[junit-4.12.jar:4.12]
	at org.junit.internal.runners.model.ReflectiveCallable.run(ReflectiveCallable.java:12) ~[junit-4.12.jar:4.12]
	at org.junit.runners.model.FrameworkMethod.invokeExplosively(FrameworkMethod.java:47) ~[junit-4.12.jar:4.12]
	at org.junit.internal.runners.statements.RunBefores.evaluate(RunBefores.java:24) ~[junit-4.12.jar:4.12]
	at org.junit.runners.ParentRunner.runLeaf(ParentRunner.java:325) ~[junit-4.12.jar:4.12]
	at org.junit.runners.BlockJUnit4ClassRunner.runChild(BlockJUnit4ClassRunner.java:78) ~[junit-4.12.jar:4.12]
	at org.junit.runners.BlockJUnit4ClassRunner.runChild(BlockJUnit4ClassRunner.java:57) ~[junit-4.12.jar:4.12]
	at org.junit.runners.ParentRunner$3.run(ParentRunner.java:290) ~[junit-4.12.jar:4.12]
	at org.junit.runners.ParentRunner$1.schedule(ParentRunner.java:71) ~[junit-4.12.jar:4.12]
	at org.junit.runners.ParentRunner.runChildren(ParentRunner.java:288) ~[junit-4.12.jar:4.12]
	at org.junit.runners.ParentRunner.access$000(ParentRunner.java:58) ~[junit-4.12.jar:4.12]
	at org.junit.runners.ParentRunner$2.evaluate(ParentRunner.java:268) ~[junit-4.12.jar:4.12]
	at org.junit.runners.ParentRunner.run(ParentRunner.java:363) ~[junit-4.12.jar:4.12]
	at org.junit.runner.JUnitCore.run(JUnitCore.java:137) ~[junit-4.12.jar:4.12]
	at org.junit.runner.JUnitCore.run(JUnitCore.java:115) ~[junit-4.12.jar:4.12]
	at org.junit.vintage.engine.execution.RunnerExecutor.execute(RunnerExecutor.java:42) ~[junit-vintage-engine-4.12.0.jar:4.12.0]
	at java.util.stream.ForEachOps$ForEachOp$OfRef.accept(ForEachOps.java:183) [?:?]
	at java.util.stream.ReferencePipeline$3$1.accept(ReferencePipeline.java:195) [?:?]
	at java.util.Iterator.forEachRemaining(Iterator.java:133) [?:?]
	at java.util.Spliterators$IteratorSpliterator.forEachRemaining(Spliterators.java:1801) [?:?]
	at java.util.stream.AbstractPipeline.copyInto(AbstractPipeline.java:484) [?:?]
	at java.util.stream.AbstractPipeline.wrapAndCopyInto(AbstractPipeline.java:474) [?:?]
	at java.util.stream.ForEachOps$ForEachOp.evaluateSequential(ForEachOps.java:150) [?:?]
	at java.util.stream.ForEachOps$ForEachOp$OfRef.evaluateSequential(ForEachOps.java:173) [?:?]
	at java.util.stream.AbstractPipeline.evaluate(AbstractPipeline.java:234) [?:?]
	at java.util.stream.ReferencePipeline.forEach(ReferencePipeline.java:497) [?:?]
	at org.junit.vintage.engine.VintageTestEngine.executeAllChildren(VintageTestEngine.java:83) [junit-vintage-engine-4.12.0.jar:4.12.0]
	at org.junit.vintage.engine.VintageTestEngine.execute(VintageTestEngine.java:74) [junit-vintage-engine-4.12.0.jar:4.12.0]
	at org.junit.platform.launcher.core.DefaultLauncher.execute(DefaultLauncher.java:170) [junit-platform-launcher-1.0.0.jar:1.0.0]
	at org.junit.platform.launcher.core.DefaultLauncher.execute(DefaultLauncher.java:154) [junit-platform-launcher-1.0.0.jar:1.0.0]
	at org.junit.platform.launcher.core.DefaultLauncher.execute(DefaultLauncher.java:90) [junit-platform-launcher-1.0.0.jar:1.0.0]
	at org.junit.platform.surefire.provider.JUnitPlatformProvider.invokeSingleClass(JUnitPlatformProvider.java:144) [junit-platform-surefire-provider-1.0.0.jar:1.0.0]
	at org.junit.platform.surefire.provider.JUnitPlatformProvider.invokeAllTests(JUnitPlatformProvider.java:126) [junit-platform-surefire-provider-1.0.0.jar:1.0.0]
	at org.junit.platform.surefire.provider.JUnitPlatformProvider.invoke(JUnitPlatformProvider.java:105) [junit-platform-surefire-provider-1.0.0.jar:1.0.0]
	at org.apache.maven.surefire.booter.ForkedBooter.invokeProviderInSameClassLoader(ForkedBooter.java:286) [surefire-booter-2.19.jar:2.19]
	at org.apache.maven.surefire.booter.ForkedBooter.runSuitesInProcess(ForkedBooter.java:240) [surefire-booter-2.19.jar:2.19]
	at org.apache.maven.surefire.booter.ForkedBooter.main(ForkedBooter.java:121) [surefire-booter-2.19.jar:2.19]
[ERROR] 2025-11-14 10:18:23.499 [main] Database - Exception while reading file: cleanDB.sql
java.lang.NullPointerException: null
	at java.lang.Class.forName0(Native Method) ~[?:?]
	at java.lang.Class.forName(Class.java:315) ~[?:?]
	at com.foodtruck.testsupport.Database.connect(Database.java:54) ~[test-classes/:?]
	at com.foodtruck.testsupport.Database.runSQL(Database.java:91) ~[test-classes/:?]
	at com.foodtruck.testsupport.DbReset.setUp(DbReset.java:10) ~[test-classes/:?]
	at jdk.internal.reflect.NativeMethodAccessorImpl.invoke0(Native Method) ~[?:?]
	at jdk.internal.reflect.NativeMethodAccessorImpl.invoke(NativeMethodAccessorImpl.java:62) ~[?:?]
	at jdk.internal.reflect.DelegatingMethodAccessorImpl.invoke(DelegatingMethodAccessorImpl.java:43) ~[?:?]
	at java.lang.reflect.Method.invoke(Method.java:566) ~[?:?]
	at org.junit.runners.model.FrameworkMethod$1.runReflectiveCall(FrameworkMethod.java:50) ~[junit-4.12.jar:4.12]
	at org.junit.internal.runners.model.ReflectiveCallable.run(ReflectiveCallable.java:12) ~[junit-4.12.jar:4.12]
	at org.junit.runners.model.FrameworkMethod.invokeExplosively(FrameworkMethod.java:47) ~[junit-4.12.jar:4.12]
	at org.junit.internal.runners.statements.RunBefores.evaluate(RunBefores.java:24) ~[junit-4.12.jar:4.12]
	at org.junit.runners.ParentRunner.runLeaf(ParentRunner.java:325) ~[junit-4.12.jar:4.12]
	at org.junit.runners.BlockJUnit4ClassRunner.runChild(BlockJUnit4ClassRunner.java:78) ~[junit-4.12.jar:4.12]
	at org.junit.runners.BlockJUnit4ClassRunner.runChild(BlockJUnit4ClassRunner.java:57) ~[junit-4.12.jar:4.12]
	at org.junit.runners.ParentRunner$3.run(ParentRunner.java:290) ~[junit-4.12.jar:4.12]
	at org.junit.runners.ParentRunner$1.schedule(ParentRunner.java:71) ~[junit-4.12.jar:4.12]
	at org.junit.runners.ParentRunner.runChildren(ParentRunner.java:288) ~[junit-4.12.jar:4.12]
	at org.junit.runners.ParentRunner.access$000(ParentRunner.java:58) ~[junit-4.12.jar:4.12]
	at org.junit.runners.ParentRunner$2.evaluate(ParentRunner.java:268) ~[junit-4.12.jar:4.12]
	at org.junit.runners.ParentRunner.run(ParentRunner.java:363) ~[junit-4.12.jar:4.12]
	at org.junit.runner.JUnitCore.run(JUnitCore.java:137) ~[junit-4.12.jar:4.12]
	at org.junit.runner.JUnitCore.run(JUnitCore.java:115) ~[junit-4.12.jar:4.12]
	at org.junit.vintage.engine.execution.RunnerExecutor.execute(RunnerExecutor.java:42) ~[junit-vintage-engine-4.12.0.jar:4.12.0]
	at java.util.stream.ForEachOps$ForEachOp$OfRef.accept(ForEachOps.java:183) [?:?]
	at java.util.stream.ReferencePipeline$3$1.accept(ReferencePipeline.java:195) [?:?]
	at java.util.Iterator.forEachRemaining(Iterator.java:133) [?:?]
	at java.util.Spliterators$IteratorSpliterator.forEachRemaining(Spliterators.java:1801) [?:?]
	at java.util.stream.AbstractPipeline.copyInto(AbstractPipeline.java:484) [?:?]
	at java.util.stream.AbstractPipeline.wrapAndCopyInto(AbstractPipeline.java:474) [?:?]
	at java.util.stream.ForEachOps$ForEachOp.evaluateSequential(ForEachOps.java:150) [?:?]
	at java.util.stream.ForEachOps$ForEachOp$OfRef.evaluateSequential(ForEachOps.java:173) [?:?]
	at java.util.stream.AbstractPipeline.evaluate(AbstractPipeline.java:234) [?:?]
	at java.util.stream.ReferencePipeline.forEach(ReferencePipeline.java:497) [?:?]
	at org.junit.vintage.engine.VintageTestEngine.executeAllChildren(VintageTestEngine.java:83) [junit-vintage-engine-4.12.0.jar:4.12.0]
	at org.junit.vintage.engine.VintageTestEngine.execute(VintageTestEngine.java:74) [junit-vintage-engine-4.12.0.jar:4.12.0]
	at org.junit.platform.launcher.core.DefaultLauncher.execute(DefaultLauncher.java:170) [junit-platform-launcher-1.0.0.jar:1.0.0]
	at org.junit.platform.launcher.core.DefaultLauncher.execute(DefaultLauncher.java:154) [junit-platform-launcher-1.0.0.jar:1.0.0]
	at org.junit.platform.launcher.core.DefaultLauncher.execute(DefaultLauncher.java:90) [junit-platform-launcher-1.0.0.jar:1.0.0]
	at org.junit.platform.surefire.provider.JUnitPlatformProvider.invokeSingleClass(JUnitPlatformProvider.java:144) [junit-platform-surefire-provider-1.0.0.jar:1.0.0]
	at org.junit.platform.surefire.provider.JUnitPlatformProvider.invokeAllTests(JUnitPlatformProvider.java:126) [junit-platform-surefire-provider-1.0.0.jar:1.0.0]
	at org.junit.platform.surefire.provider.JUnitPlatformProvider.invoke(JUnitPlatformProvider.java:105) [junit-platform-surefire-provider-1.0.0.jar:1.0.0]
	at org.apache.maven.surefire.booter.ForkedBooter.invokeProviderInSameClassLoader(ForkedBooter.java:286) [surefire-booter-2.19.jar:2.19]
	at org.apache.maven.surefire.booter.ForkedBooter.runSuitesInProcess(ForkedBooter.java:240) [surefire-booter-2.19.jar:2.19]
	at org.apache.maven.surefire.booter.ForkedBooter.main(ForkedBooter.java:121) [surefire-booter-2.19.jar:2.19]
[ERROR] 2025-11-14 10:18:53.712 [main] Database - Exception while reading file: cleanDB.sql
java.lang.NullPointerException: null
	at java.lang.Class.forName0(Native Method) ~[?:?]
	at java.lang.Class.forName(Class.java:315) ~[?:?]
	at com.foodtruck.testsupport.Database.connect(Database.java:54) ~[test-classes/:?]
	at com.foodtruck.testsupport.Database.runSQL(Database.java:91) ~[test-classes/:?]
	at com.foodtruck.testsupport.DbReset.setUp(DbReset.java:10) ~[test-classes/:?]
	at jdk.internal.reflect.NativeMethodAccessorImpl.invoke0(Native Method) ~[?:?]
	at jdk.internal.reflect.NativeMethodAccessorImpl.invoke(NativeMethodAccessorImpl.java:62) ~[?:?]
	at jdk.internal.reflect.DelegatingMethodAccessorImpl.invoke(DelegatingMethodAccessorImpl.java:43) ~[?:?]
	at java.lang.reflect.Method.invoke(Method.java:566) ~[?:?]
	at org.junit.runners.model.FrameworkMethod$1.runReflectiveCall(FrameworkMethod.java:50) ~[junit-4.12.jar:4.12]
	at org.junit.internal.runners.model.ReflectiveCallable.run(ReflectiveCallable.java:12) ~[junit-4.12.jar:4.12]
	at org.junit.runners.model.FrameworkMethod.invokeExplosively(FrameworkMethod.java:47) ~[junit-4.12.jar:4.12]
	at org.junit.internal.runners.statements.RunBefores.evaluate(RunBefores.java:24) ~[junit-4.12.jar:4.12]
	at org.junit.runners.ParentRunner.runLeaf(ParentRunner.java:325) ~[junit-4.12.jar:4.12]
	at org.junit.runners.BlockJUnit4ClassRunner.runChild(BlockJUnit4ClassRunner.java:78) ~[junit-4.12.jar:4.12]
	at org.junit.runners.BlockJUnit4ClassRunner.runChild(BlockJUnit4ClassRunner.java:57) ~[junit-4.12.jar:4.12]
	at org.junit.runners.ParentRunner$3.run(ParentRunner.java:290) ~[junit-4.12.jar:4.12]
	at org.junit.runners.ParentRunner$1.schedule(ParentRunner.java:71) ~[junit-4.12.jar:4.12]
	at org.junit.runners.ParentRunner.runChildren(ParentRunner.java:288) ~[junit-4.12.jar:4.12]
	at org.junit.runners.ParentRunner.access$000(ParentRunner.java:58) ~[junit-4.12.jar:4.12]
	at org.junit.runners.ParentRunner$2.evaluate(ParentRunner.java:268) ~[junit-4.12.jar:4.12]
	at org.junit.runners.ParentRunner.run(ParentRunner.java:363) ~[junit-4.12.jar:4.12]
	at org.junit.runner.JUnitCore.run(JUnitCore.java:137) ~[junit-4.12.jar:4.12]
	at org.junit.runner.JUnitCore.run(JUnitCore.java:115) ~[junit-4.12.jar:4.12]
	at org.junit.vintage.engine.execution.RunnerExecutor.execute(RunnerExecutor.java:42) ~[junit-vintage-engine-4.12.0.jar:4.12.0]
	at java.util.stream.ForEachOps$ForEachOp$OfRef.accept(ForEachOps.java:183) [?:?]
	at java.util.stream.ReferencePipeline$3$1.accept(ReferencePipeline.java:195) [?:?]
	at java.util.Iterator.forEachRemaining(Iterator.java:133) [?:?]
	at java.util.Spliterators$IteratorSpliterator.forEachRemaining(Spliterators.java:1801) [?:?]
	at java.util.stream.AbstractPipeline.copyInto(AbstractPipeline.java:484) [?:?]
	at java.util.stream.AbstractPipeline.wrapAndCopyInto(AbstractPipeline.java:474) [?:?]
	at java.util.stream.ForEachOps$ForEachOp.evaluateSequential(ForEachOps.java:150) [?:?]
	at java.util.stream.ForEachOps$ForEachOp$OfRef.evaluateSequential(ForEachOps.java:173) [?:?]
	at java.util.stream.AbstractPipeline.evaluate(AbstractPipeline.java:234) [?:?]
	at java.util.stream.ReferencePipeline.forEach(ReferencePipeline.java:497) [?:?]
	at org.junit.vintage.engine.VintageTestEngine.executeAllChildren(VintageTestEngine.java:83) [junit-vintage-engine-4.12.0.jar:4.12.0]
	at org.junit.vintage.engine.VintageTestEngine.execute(VintageTestEngine.java:74) [junit-vintage-engine-4.12.0.jar:4.12.0]
	at org.junit.platform.launcher.core.DefaultLauncher.execute(DefaultLauncher.java:170) [junit-platform-launcher-1.0.0.jar:1.0.0]
	at org.junit.platform.launcher.core.DefaultLauncher.execute(DefaultLauncher.java:154) [junit-platform-launcher-1.0.0.jar:1.0.0]
	at org.junit.platform.launcher.core.DefaultLauncher.execute(DefaultLauncher.java:90) [junit-platform-launcher-1.0.0.jar:1.0.0]
	at org.junit.platform.surefire.provider.JUnitPlatformProvider.invokeSingleClass(JUnitPlatformProvider.java:144) [junit-platform-surefire-provider-1.0.0.jar:1.0.0]
	at org.junit.platform.surefire.provider.JUnitPlatformProvider.invokeAllTests(JUnitPlatformProvider.java:126) [junit-platform-surefire-provider-1.0.0.jar:1.0.0]
	at org.junit.platform.surefire.provider.JUnitPlatformProvider.invoke(JUnitPlatformProvider.java:105) [junit-platform-surefire-provider-1.0.0.jar:1.0.0]
	at org.apache.maven.surefire.booter.ForkedBooter.invokeProviderInSameClassLoader(ForkedBooter.java:286) [surefire-booter-2.19.jar:2.19]
	at org.apache.maven.surefire.booter.ForkedBooter.runSuitesInProcess(ForkedBooter.java:240) [surefire-booter-2.19.jar:2.19]
	at org.apache.maven.surefire.booter.ForkedBooter.main(ForkedBooter.java:121) [surefire-booter-2.19.jar:2.19]
[ERROR] 2025-11-14 10:19:23.992 [main] Database - Exception while reading file: cleanDB.sql
java.lang.NullPointerException: null
	at java.lang.Class.forName0(Native Method) ~[?:?]
	at java.lang.Class.forName(Class.java:315) ~[?:?]
	at com.foodtruck.testsupport.Database.connect(Database.java:54) ~[test-classes/:?]
	at com.foodtruck.testsupport.Database.runSQL(Database.java:91) ~[test-classes/:?]
	at com.foodtruck.testsupport.DbReset.setUp(DbReset.java:10) ~[test-classes/:?]
	at jdk.internal.reflect.NativeMethodAccessorImpl.invoke0(Native Method) ~[?:?]
	at jdk.internal.reflect.NativeMethodAccessorImpl.invoke(NativeMethodAccessorImpl.java:62) ~[?:?]
	at jdk.internal.reflect.DelegatingMethodAccessorImpl.invoke(DelegatingMethodAccessorImpl.java:43) ~[?:?]
	at java.lang.reflect.Method.invoke(Method.java:566) ~[?:?]
	at org.junit.runners.model.FrameworkMethod$1.runReflectiveCall(FrameworkMethod.java:50) ~[junit-4.12.jar:4.12]
	at org.junit.internal.runners.model.ReflectiveCallable.run(ReflectiveCallable.java:12) ~[junit-4.12.jar:4.12]
	at org.junit.runners.model.FrameworkMethod.invokeExplosively(FrameworkMethod.java:47) ~[junit-4.12.jar:4.12]
	at org.junit.internal.runners.statements.RunBefores.evaluate(RunBefores.java:24) ~[junit-4.12.jar:4.12]
	at org.junit.runners.ParentRunner.runLeaf(ParentRunner.java:325) ~[junit-4.12.jar:4.12]
	at org.junit.runners.BlockJUnit4ClassRunner.runChild(BlockJUnit4ClassRunner.java:78) ~[junit-4.12.jar:4.12]
	at org.junit.runners.BlockJUnit4ClassRunner.runChild(BlockJUnit4ClassRunner.java:57) ~[junit-4.12.jar:4.12]
	at org.junit.runners.ParentRunner$3.run(ParentRunner.java:290) ~[junit-4.12.jar:4.12]
	at org.junit.runners.ParentRunner$1.schedule(ParentRunner.java:71) ~[junit-4.12.jar:4.12]
	at org.junit.runners.ParentRunner.runChildren(ParentRunner.java:288) ~[junit-4.12.jar:4.12]
	at org.junit.runners.ParentRunner.access$000(ParentRunner.java:58) ~[junit-4.12.jar:4.12]
	at org.junit.runners.ParentRunner$2.evaluate(ParentRunner.java:268) ~[junit-4.12.jar:4.12]
	at org.junit.runners.ParentRunner.run(ParentRunner.java:363) ~[junit-4.12.jar:4.12]
	at org.junit.runner.JUnitCore.run(JUnitCore.java:137) ~[junit-4.12.jar:4.12]
	at org.junit.runner.JUnitCore.run(JUnitCore.java:115) ~[junit-4.12.jar:4.12]
	at org.junit.vintage.engine.execution.RunnerExecutor.execute(RunnerExecutor.java:42) ~[junit-vintage-engine-4.12.0.jar:4.12.0]
	at java.util.stream.ForEachOps$ForEachOp$OfRef.accept(ForEachOps.java:183) [?:?]
	at java.util.stream.ReferencePipeline$3$1.accept(ReferencePipeline.java:195) [?:?]
	at java.util.Iterator.forEachRemaining(Iterator.java:133) [?:?]
	at java.util.Spliterators$IteratorSpliterator.forEachRemaining(Spliterators.java:1801) [?:?]
	at java.util.stream.AbstractPipeline.copyInto(AbstractPipeline.java:484) [?:?]
	at java.util.stream.AbstractPipeline.wrapAndCopyInto(AbstractPipeline.java:474) [?:?]
	at java.util.stream.ForEachOps$ForEachOp.evaluateSequential(ForEachOps.java:150) [?:?]
	at java.util.stream.ForEachOps$ForEachOp$OfRef.evaluateSequential(ForEachOps.java:173) [?:?]
	at java.util.stream.AbstractPipeline.evaluate(AbstractPipeline.java:234) [?:?]
	at java.util.stream.ReferencePipeline.forEach(ReferencePipeline.java:497) [?:?]
	at org.junit.vintage.engine.VintageTestEngine.executeAllChildren(VintageTestEngine.java:83) [junit-vintage-engine-4.12.0.jar:4.12.0]
	at org.junit.vintage.engine.VintageTestEngine.execute(VintageTestEngine.java:74) [junit-vintage-engine-4.12.0.jar:4.12.0]
	at org.junit.platform.launcher.core.DefaultLauncher.execute(DefaultLauncher.java:170) [junit-platform-launcher-1.0.0.jar:1.0.0]
	at org.junit.platform.launcher.core.DefaultLauncher.execute(DefaultLauncher.java:154) [junit-platform-launcher-1.0.0.jar:1.0.0]
	at org.junit.platform.launcher.core.DefaultLauncher.execute(DefaultLauncher.java:90) [junit-platform-launcher-1.0.0.jar:1.0.0]
	at org.junit.platform.surefire.provider.JUnitPlatformProvider.invokeSingleClass(JUnitPlatformProvider.java:144) [junit-platform-surefire-provider-1.0.0.jar:1.0.0]
	at org.junit.platform.surefire.provider.JUnitPlatformProvider.invokeAllTests(JUnitPlatformProvider.java:126) [junit-platform-surefire-provider-1.0.0.jar:1.0.0]
	at org.junit.platform.surefire.provider.JUnitPlatformProvider.invoke(JUnitPlatformProvider.java:105) [junit-platform-surefire-provider-1.0.0.jar:1.0.0]
	at org.apache.maven.surefire.booter.ForkedBooter.invokeProviderInSameClassLoader(ForkedBooter.java:286) [surefire-booter-2.19.jar:2.19]
	at org.apache.maven.surefire.booter.ForkedBooter.runSuitesInProcess(ForkedBooter.java:240) [surefire-booter-2.19.jar:2.19]
	at org.apache.maven.surefire.booter.ForkedBooter.main(ForkedBooter.java:121) [surefire-booter-2.19.jar:2.19]
[ERROR] 2025-11-14 10:19:54.297 [main] Database - Exception while reading file: cleanDB.sql
java.lang.NullPointerException: null
	at java.lang.Class.forName0(Native Method) ~[?:?]
	at java.lang.Class.forName(Class.java:315) ~[?:?]
	at com.foodtruck.testsupport.Database.connect(Database.java:54) ~[test-classes/:?]
	at com.foodtruck.testsupport.Database.runSQL(Database.java:91) ~[test-classes/:?]
	at com.foodtruck.testsupport.DbReset.setUp(DbReset.java:10) ~[test-classes/:?]
	at jdk.internal.reflect.NativeMethodAccessorImpl.invoke0(Native Method) ~[?:?]
	at jdk.internal.reflect.NativeMethodAccessorImpl.invoke(NativeMethodAccessorImpl.java:62) ~[?:?]
	at jdk.internal.reflect.DelegatingMethodAccessorImpl.invoke(DelegatingMethodAccessorImpl.java:43) ~[?:?]
	at java.lang.reflect.Method.invoke(Method.java:566) ~[?:?]
	at org.junit.runners.model.FrameworkMethod$1.runReflectiveCall(FrameworkMethod.java:50) ~[junit-4.12.jar:4.12]
	at org.junit.internal.runners.model.ReflectiveCallable.run(ReflectiveCallable.java:12) ~[junit-4.12.jar:4.12]
	at org.junit.runners.model.FrameworkMethod.invokeExplosively(FrameworkMethod.java:47) ~[junit-4.12.jar:4.12]
	at org.junit.internal.runners.statements.RunBefores.evaluate(RunBefores.java:24) ~[junit-4.12.jar:4.12]
	at org.junit.runners.ParentRunner.runLeaf(ParentRunner.java:325) ~[junit-4.12.jar:4.12]
	at org.junit.runners.BlockJUnit4ClassRunner.runChild(BlockJUnit4ClassRunner.java:78) ~[junit-4.12.jar:4.12]
	at org.junit.runners.BlockJUnit4ClassRunner.runChild(BlockJUnit4ClassRunner.java:57) ~[junit-4.12.jar:4.12]
	at org.junit.runners.ParentRunner$3.run(ParentRunner.java:290) ~[junit-4.12.jar:4.12]
	at org.junit.runners.ParentRunner$1.schedule(ParentRunner.java:71) ~[junit-4.12.jar:4.12]
	at org.junit.runners.ParentRunner.runChildren(ParentRunner.java:288) ~[junit-4.12.jar:4.12]
	at org.junit.runners.ParentRunner.access$000(ParentRunner.java:58) ~[junit-4.12.jar:4.12]
	at org.junit.runners.ParentRunner$2.evaluate(ParentRunner.java:268) ~[junit-4.12.jar:4.12]
	at org.junit.runners.ParentRunner.run(ParentRunner.java:363) ~[junit-4.12.jar:4.12]
	at org.junit.runner.JUnitCore.run(JUnitCore.java:137) ~[junit-4.12.jar:4.12]
	at org.junit.runner.JUnitCore.run(JUnitCore.java:115) ~[junit-4.12.jar:4.12]
	at org.junit.vintage.engine.execution.RunnerExecutor.execute(RunnerExecutor.java:42) ~[junit-vintage-engine-4.12.0.jar:4.12.0]
	at java.util.stream.ForEachOps$ForEachOp$OfRef.accept(ForEachOps.java:183) [?:?]
	at java.util.stream.ReferencePipeline$3$1.accept(ReferencePipeline.java:195) [?:?]
	at java.util.Iterator.forEachRemaining(Iterator.java:133) [?:?]
	at java.util.Spliterators$IteratorSpliterator.forEachRemaining(Spliterators.java:1801) [?:?]
	at java.util.stream.AbstractPipeline.copyInto(AbstractPipeline.java:484) [?:?]
	at java.util.stream.AbstractPipeline.wrapAndCopyInto(AbstractPipeline.java:474) [?:?]
	at java.util.stream.ForEachOps$ForEachOp.evaluateSequential(ForEachOps.java:150) [?:?]
	at java.util.stream.ForEachOps$ForEachOp$OfRef.evaluateSequential(ForEachOps.java:173) [?:?]
	at java.util.stream.AbstractPipeline.evaluate(AbstractPipeline.java:234) [?:?]
	at java.util.stream.ReferencePipeline.forEach(ReferencePipeline.java:497) [?:?]
	at org.junit.vintage.engine.VintageTestEngine.executeAllChildren(VintageTestEngine.java:83) [junit-vintage-engine-4.12.0.jar:4.12.0]
	at org.junit.vintage.engine.VintageTestEngine.execute(VintageTestEngine.java:74) [junit-vintage-engine-4.12.0.jar:4.12.0]
	at org.junit.platform.launcher.core.DefaultLauncher.execute(DefaultLauncher.java:170) [junit-platform-launcher-1.0.0.jar:1.0.0]
	at org.junit.platform.launcher.core.DefaultLauncher.execute(DefaultLauncher.java:154) [junit-platform-launcher-1.0.0.jar:1.0.0]
	at org.junit.platform.launcher.core.DefaultLauncher.execute(DefaultLauncher.java:90) [junit-platform-launcher-1.0.0.jar:1.0.0]
	at org.junit.platform.surefire.provider.JUnitPlatformProvider.invokeSingleClass(JUnitPlatformProvider.java:144) [junit-platform-surefire-provider-1.0.0.jar:1.0.0]
	at org.junit.platform.surefire.provider.JUnitPlatformProvider.invokeAllTests(JUnitPlatformProvider.java:126) [junit-platform-surefire-provider-1.0.0.jar:1.0.0]
	at org.junit.platform.surefire.provider.JUnitPlatformProvider.invoke(JUnitPlatformProvider.java:105) [junit-platform-surefire-provider-1.0.0.jar:1.0.0]
	at org.apache.maven.surefire.booter.ForkedBooter.invokeProviderInSameClassLoader(ForkedBooter.java:286) [surefire-booter-2.19.jar:2.19]
	at org.apache.maven.surefire.booter.ForkedBooter.runSuitesInProcess(ForkedBooter.java:240) [surefire-booter-2.19.jar:2.19]
	at org.apache.maven.surefire.booter.ForkedBooter.main(ForkedBooter.java:121) [surefire-booter-2.19.jar:2.19]
[ERROR] 2025-11-14 10:20:24.578 [main] Database - Exception while reading file: cleanDB.sql
java.lang.NullPointerException: null
	at java.lang.Class.forName0(Native Method) ~[?:?]
	at java.lang.Class.forName(Class.java:315) ~[?:?]
	at com.foodtruck.testsupport.Database.connect(Database.java:54) ~[test-classes/:?]
	at com.foodtruck.testsupport.Database.runSQL(Database.java:91) ~[test-classes/:?]
	at com.foodtruck.testsupport.DbReset.setUp(DbReset.java:10) ~[test-classes/:?]
	at jdk.internal.reflect.NativeMethodAccessorImpl.invoke0(Native Method) ~[?:?]
	at jdk.internal.reflect.NativeMethodAccessorImpl.invoke(NativeMethodAccessorImpl.java:62) ~[?:?]
	at jdk.internal.reflect.DelegatingMethodAccessorImpl.invoke(DelegatingMethodAccessorImpl.java:43) ~[?:?]
	at java.lang.reflect.Method.invoke(Method.java:566) ~[?:?]
	at org.junit.runners.model.FrameworkMethod$1.runReflectiveCall(FrameworkMethod.java:50) ~[junit-4.12.jar:4.12]
	at org.junit.internal.runners.model.ReflectiveCallable.run(ReflectiveCallable.java:12) ~[junit-4.12.jar:4.12]
	at org.junit.runners.model.FrameworkMethod.invokeExplosively(FrameworkMethod.java:47) ~[junit-4.12.jar:4.12]
	at org.junit.internal.runners.statements.RunBefores.evaluate(RunBefores.java:24) ~[junit-4.12.jar:4.12]
	at org.junit.runners.ParentRunner.runLeaf(ParentRunner.java:325) ~[junit-4.12.jar:4.12]
	at org.junit.runners.BlockJUnit4ClassRunner.runChild(BlockJUnit4ClassRunner.java:78) ~[junit-4.12.jar:4.12]
	at org.junit.runners.BlockJUnit4ClassRunner.runChild(BlockJUnit4ClassRunner.java:57) ~[junit-4.12.jar:4.12]
	at org.junit.runners.ParentRunner$3.run(ParentRunner.java:290) ~[junit-4.12.jar:4.12]
	at org.junit.runners.ParentRunner$1.schedule(ParentRunner.java:71) ~[junit-4.12.jar:4.12]
	at org.junit.runners.ParentRunner.runChildren(ParentRunner.java:288) ~[junit-4.12.jar:4.12]
	at org.junit.runners.ParentRunner.access$000(ParentRunner.java:58) ~[junit-4.12.jar:4.12]
	at org.junit.runners.ParentRunner$2.evaluate(ParentRunner.java:268) ~[junit-4.12.jar:4.12]
	at org.junit.runners.ParentRunner.run(ParentRunner.java:363) ~[junit-4.12.jar:4.12]
	at org.junit.runner.JUnitCore.run(JUnitCore.java:137) ~[junit-4.12.jar:4.12]
	at org.junit.runner.JUnitCore.run(JUnitCore.java:115) ~[junit-4.12.jar:4.12]
	at org.junit.vintage.engine.execution.RunnerExecutor.execute(RunnerExecutor.java:42) ~[junit-vintage-engine-4.12.0.jar:4.12.0]
	at java.util.stream.ForEachOps$ForEachOp$OfRef.accept(ForEachOps.java:183) [?:?]
	at java.util.stream.ReferencePipeline$3$1.accept(ReferencePipeline.java:195) [?:?]
	at java.util.Iterator.forEachRemaining(Iterator.java:133) [?:?]
	at java.util.Spliterators$IteratorSpliterator.forEachRemaining(Spliterators.java:1801) [?:?]
	at java.util.stream.AbstractPipeline.copyInto(AbstractPipeline.java:484) [?:?]
	at java.util.stream.AbstractPipeline.wrapAndCopyInto(AbstractPipeline.java:474) [?:?]
	at java.util.stream.ForEachOps$ForEachOp.evaluateSequential(ForEachOps.java:150) [?:?]
	at java.util.stream.ForEachOps$ForEachOp$OfRef.evaluateSequential(ForEachOps.java:173) [?:?]
	at java.util.stream.AbstractPipeline.evaluate(AbstractPipeline.java:234) [?:?]
	at java.util.stream.ReferencePipeline.forEach(ReferencePipeline.java:497) [?:?]
	at org.junit.vintage.engine.VintageTestEngine.executeAllChildren(VintageTestEngine.java:83) [junit-vintage-engine-4.12.0.jar:4.12.0]
	at org.junit.vintage.engine.VintageTestEngine.execute(VintageTestEngine.java:74) [junit-vintage-engine-4.12.0.jar:4.12.0]
	at org.junit.platform.launcher.core.DefaultLauncher.execute(DefaultLauncher.java:170) [junit-platform-launcher-1.0.0.jar:1.0.0]
	at org.junit.platform.launcher.core.DefaultLauncher.execute(DefaultLauncher.java:154) [junit-platform-launcher-1.0.0.jar:1.0.0]
	at org.junit.platform.launcher.core.DefaultLauncher.execute(DefaultLauncher.java:90) [junit-platform-launcher-1.0.0.jar:1.0.0]
	at org.junit.platform.surefire.provider.JUnitPlatformProvider.invokeSingleClass(JUnitPlatformProvider.java:144) [junit-platform-surefire-provider-1.0.0.jar:1.0.0]
	at org.junit.platform.surefire.provider.JUnitPlatformProvider.invokeAllTests(JUnitPlatformProvider.java:126) [junit-platform-surefire-provider-1.0.0.jar:1.0.0]
	at org.junit.platform.surefire.provider.JUnitPlatformProvider.invoke(JUnitPlatformProvider.java:105) [junit-platform-surefire-provider-1.0.0.jar:1.0.0]
	at org.apache.maven.surefire.booter.ForkedBooter.invokeProviderInSameClassLoader(ForkedBooter.java:286) [surefire-booter-2.19.jar:2.19]
	at org.apache.maven.surefire.booter.ForkedBooter.runSuitesInProcess(ForkedBooter.java:240) [surefire-booter-2.19.jar:2.19]
	at org.apache.maven.surefire.booter.ForkedBooter.main(ForkedBooter.java:121) [surefire-booter-2.19.jar:2.19]
[ERROR] 2025-11-14 10:20:54.771 [main] Database - Exception while reading file: cleanDB.sql
java.lang.NullPointerException: null
	at java.lang.Class.forName0(Native Method) ~[?:?]
	at java.lang.Class.forName(Class.java:315) ~[?:?]
	at com.foodtruck.testsupport.Database.connect(Database.java:54) ~[test-classes/:?]
	at com.foodtruck.testsupport.Database.runSQL(Database.java:91) ~[test-classes/:?]
	at com.foodtruck.testsupport.DbReset.setUp(DbReset.java:10) ~[test-classes/:?]
	at jdk.internal.reflect.NativeMethodAccessorImpl.invoke0(Native Method) ~[?:?]
	at jdk.internal.reflect.NativeMethodAccessorImpl.invoke(NativeMethodAccessorImpl.java:62) ~[?:?]
	at jdk.internal.reflect.DelegatingMethodAccessorImpl.invoke(DelegatingMethodAccessorImpl.java:43) ~[?:?]
	at java.lang.reflect.Method.invoke(Method.java:566) ~[?:?]
	at org.junit.runners.model.FrameworkMethod$1.runReflectiveCall(FrameworkMethod.java:50) ~[junit-4.12.jar:4.12]
	at org.junit.internal.runners.model.ReflectiveCallable.run(ReflectiveCallable.java:12) ~[junit-4.12.jar:4.12]
	at org.junit.runners.model.FrameworkMethod.invokeExplosively(FrameworkMethod.java:47) ~[junit-4.12.jar:4.12]
	at org.junit.internal.runners.statements.RunBefores.evaluate(RunBefores.java:24) ~[junit-4.12.jar:4.12]
	at org.junit.runners.ParentRunner.runLeaf(ParentRunner.java:325) ~[junit-4.12.jar:4.12]
	at org.junit.runners.BlockJUnit4ClassRunner.runChild(BlockJUnit4ClassRunner.java:78) ~[junit-4.12.jar:4.12]
	at org.junit.runners.BlockJUnit4ClassRunner.runChild(BlockJUnit4ClassRunner.java:57) ~[junit-4.12.jar:4.12]
	at org.junit.runners.ParentRunner$3.run(ParentRunner.java:290) ~[junit-4.12.jar:4.12]
	at org.junit.runners.ParentRunner$1.schedule(ParentRunner.java:71) ~[junit-4.12.jar:4.12]
	at org.junit.runners.ParentRunner.runChildren(ParentRunner.java:288) ~[junit-4.12.jar:4.12]
	at org.junit.runners.ParentRunner.access$000(ParentRunner.java:58) ~[junit-4.12.jar:4.12]
	at org.junit.runners.ParentRunner$2.evaluate(ParentRunner.java:268) ~[junit-4.12.jar:4.12]
	at org.junit.runners.ParentRunner.run(ParentRunner.java:363) ~[junit-4.12.jar:4.12]
	at org.junit.runner.JUnitCore.run(JUnitCore.java:137) ~[junit-4.12.jar:4.12]
	at org.junit.runner.JUnitCore.run(JUnitCore.java:115) ~[junit-4.12.jar:4.12]
	at org.junit.vintage.engine.execution.RunnerExecutor.execute(RunnerExecutor.java:42) ~[junit-vintage-engine-4.12.0.jar:4.12.0]
	at java.util.stream.ForEachOps$ForEachOp$OfRef.accept(ForEachOps.java:183) [?:?]
	at java.util.stream.ReferencePipeline$3$1.accept(ReferencePipeline.java:195) [?:?]
	at java.util.Iterator.forEachRemaining(Iterator.java:133) [?:?]
	at java.util.Spliterators$IteratorSpliterator.forEachRemaining(Spliterators.java:1801) [?:?]
	at java.util.stream.AbstractPipeline.copyInto(AbstractPipeline.java:484) [?:?]
	at java.util.stream.AbstractPipeline.wrapAndCopyInto(AbstractPipeline.java:474) [?:?]
	at java.util.stream.ForEachOps$ForEachOp.evaluateSequential(ForEachOps.java:150) [?:?]
	at java.util.stream.ForEachOps$ForEachOp$OfRef.evaluateSequential(ForEachOps.java:173) [?:?]
	at java.util.stream.AbstractPipeline.evaluate(AbstractPipeline.java:234) [?:?]
	at java.util.stream.ReferencePipeline.forEach(ReferencePipeline.java:497) [?:?]
	at org.junit.vintage.engine.VintageTestEngine.executeAllChildren(VintageTestEngine.java:83) [junit-vintage-engine-4.12.0.jar:4.12.0]
	at org.junit.vintage.engine.VintageTestEngine.execute(VintageTestEngine.java:74) [junit-vintage-engine-4.12.0.jar:4.12.0]
	at org.junit.platform.launcher.core.DefaultLauncher.execute(DefaultLauncher.java:170) [junit-platform-launcher-1.0.0.jar:1.0.0]
	at org.junit.platform.launcher.core.DefaultLauncher.execute(DefaultLauncher.java:154) [junit-platform-launcher-1.0.0.jar:1.0.0]
	at org.junit.platform.launcher.core.DefaultLauncher.execute(DefaultLauncher.java:90) [junit-platform-launcher-1.0.0.jar:1.0.0]
	at org.junit.platform.surefire.provider.JUnitPlatformProvider.invokeSingleClass(JUnitPlatformProvider.java:144) [junit-platform-surefire-provider-1.0.0.jar:1.0.0]
	at org.junit.platform.surefire.provider.JUnitPlatformProvider.invokeAllTests(JUnitPlatformProvider.java:126) [junit-platform-surefire-provider-1.0.0.jar:1.0.0]
	at org.junit.platform.surefire.provider.JUnitPlatformProvider.invoke(JUnitPlatformProvider.java:105) [junit-platform-surefire-provider-1.0.0.jar:1.0.0]
	at org.apache.maven.surefire.booter.ForkedBooter.invokeProviderInSameClassLoader(ForkedBooter.java:286) [surefire-booter-2.19.jar:2.19]
	at org.apache.maven.surefire.booter.ForkedBooter.runSuitesInProcess(ForkedBooter.java:240) [surefire-booter-2.19.jar:2.19]
	at org.apache.maven.surefire.booter.ForkedBooter.main(ForkedBooter.java:121) [surefire-booter-2.19.jar:2.19]
[ERROR] 2025-11-14 10:21:25.090 [main] Database - Exception while reading file: cleanDB.sql
java.lang.NullPointerException: null
	at java.lang.Class.forName0(Native Method) ~[?:?]
	at java.lang.Class.forName(Class.java:315) ~[?:?]
	at com.foodtruck.testsupport.Database.connect(Database.java:54) ~[test-classes/:?]
	at com.foodtruck.testsupport.Database.runSQL(Database.java:91) ~[test-classes/:?]
	at com.foodtruck.testsupport.DbReset.setUp(DbReset.java:10) ~[test-classes/:?]
	at jdk.internal.reflect.NativeMethodAccessorImpl.invoke0(Native Method) ~[?:?]
	at jdk.internal.reflect.NativeMethodAccessorImpl.invoke(NativeMethodAccessorImpl.java:62) ~[?:?]
	at jdk.internal.reflect.DelegatingMethodAccessorImpl.invoke(DelegatingMethodAccessorImpl.java:43) ~[?:?]
	at java.lang.reflect.Method.invoke(Method.java:566) ~[?:?]
	at org.junit.runners.model.FrameworkMethod$1.runReflectiveCall(FrameworkMethod.java:50) ~[junit-4.12.jar:4.12]
	at org.junit.internal.runners.model.ReflectiveCallable.run(ReflectiveCallable.java:12) ~[junit-4.12.jar:4.12]
	at org.junit.runners.model.FrameworkMethod.invokeExplosively(FrameworkMethod.java:47) ~[junit-4.12.jar:4.12]
	at org.junit.internal.runners.statements.RunBefores.evaluate(RunBefores.java:24) ~[junit-4.12.jar:4.12]
	at org.junit.runners.ParentRunner.runLeaf(ParentRunner.java:325) ~[junit-4.12.jar:4.12]
	at org.junit.runners.BlockJUnit4ClassRunner.runChild(BlockJUnit4ClassRunner.java:78) ~[junit-4.12.jar:4.12]
	at org.junit.runners.BlockJUnit4ClassRunner.runChild(BlockJUnit4ClassRunner.java:57) ~[junit-4.12.jar:4.12]
	at org.junit.runners.ParentRunner$3.run(ParentRunner.java:290) ~[junit-4.12.jar:4.12]
	at org.junit.runners.ParentRunner$1.schedule(ParentRunner.java:71) ~[junit-4.12.jar:4.12]
	at org.junit.runners.ParentRunner.runChildren(ParentRunner.java:288) ~[junit-4.12.jar:4.12]
	at org.junit.runners.ParentRunner.access$000(ParentRunner.java:58) ~[junit-4.12.jar:4.12]
	at org.junit.runners.ParentRunner$2.evaluate(ParentRunner.java:268) ~[junit-4.12.jar:4.12]
	at org.junit.runners.ParentRunner.run(ParentRunner.java:363) ~[junit-4.12.jar:4.12]
	at org.junit.runner.JUnitCore.run(JUnitCore.java:137) ~[junit-4.12.jar:4.12]
	at org.junit.runner.JUnitCore.run(JUnitCore.java:115) ~[junit-4.12.jar:4.12]
	at org.junit.vintage.engine.execution.RunnerExecutor.execute(RunnerExecutor.java:42) ~[junit-vintage-engine-4.12.0.jar:4.12.0]
	at java.util.stream.ForEachOps$ForEachOp$OfRef.accept(ForEachOps.java:183) [?:?]
	at java.util.stream.ReferencePipeline$3$1.accept(ReferencePipeline.java:195) [?:?]
	at java.util.Iterator.forEachRemaining(Iterator.java:133) [?:?]
	at java.util.Spliterators$IteratorSpliterator.forEachRemaining(Spliterators.java:1801) [?:?]
	at java.util.stream.AbstractPipeline.copyInto(AbstractPipeline.java:484) [?:?]
	at java.util.stream.AbstractPipeline.wrapAndCopyInto(AbstractPipeline.java:474) [?:?]
	at java.util.stream.ForEachOps$ForEachOp.evaluateSequential(ForEachOps.java:150) [?:?]
	at java.util.stream.ForEachOps$ForEachOp$OfRef.evaluateSequential(ForEachOps.java:173) [?:?]
	at java.util.stream.AbstractPipeline.evaluate(AbstractPipeline.java:234) [?:?]
	at java.util.stream.ReferencePipeline.forEach(ReferencePipeline.java:497) [?:?]
	at org.junit.vintage.engine.VintageTestEngine.executeAllChildren(VintageTestEngine.java:83) [junit-vintage-engine-4.12.0.jar:4.12.0]
	at org.junit.vintage.engine.VintageTestEngine.execute(VintageTestEngine.java:74) [junit-vintage-engine-4.12.0.jar:4.12.0]
	at org.junit.platform.launcher.core.DefaultLauncher.execute(DefaultLauncher.java:170) [junit-platform-launcher-1.0.0.jar:1.0.0]
	at org.junit.platform.launcher.core.DefaultLauncher.execute(DefaultLauncher.java:154) [junit-platform-launcher-1.0.0.jar:1.0.0]
	at org.junit.platform.launcher.core.DefaultLauncher.execute(DefaultLauncher.java:90) [junit-platform-launcher-1.0.0.jar:1.0.0]
	at org.junit.platform.surefire.provider.JUnitPlatformProvider.invokeSingleClass(JUnitPlatformProvider.java:144) [junit-platform-surefire-provider-1.0.0.jar:1.0.0]
	at org.junit.platform.surefire.provider.JUnitPlatformProvider.invokeAllTests(JUnitPlatformProvider.java:126) [junit-platform-surefire-provider-1.0.0.jar:1.0.0]
	at org.junit.platform.surefire.provider.JUnitPlatformProvider.invoke(JUnitPlatformProvider.java:105) [junit-platform-surefire-provider-1.0.0.jar:1.0.0]
	at org.apache.maven.surefire.booter.ForkedBooter.invokeProviderInSameClassLoader(ForkedBooter.java:286) [surefire-booter-2.19.jar:2.19]
	at org.apache.maven.surefire.booter.ForkedBooter.runSuitesInProcess(ForkedBooter.java:240) [surefire-booter-2.19.jar:2.19]
	at org.apache.maven.surefire.booter.ForkedBooter.main(ForkedBooter.java:121) [surefire-booter-2.19.jar:2.19]
[ERROR] 2025-11-14 10:21:55.348 [main] Database - Exception while reading file: cleanDB.sql
java.lang.NullPointerException: null
	at java.lang.Class.forName0(Native Method) ~[?:?]
	at java.lang.Class.forName(Class.java:315) ~[?:?]
	at com.foodtruck.testsupport.Database.connect(Database.java:54) ~[test-classes/:?]
	at com.foodtruck.testsupport.Database.runSQL(Database.java:91) ~[test-classes/:?]
	at com.foodtruck.testsupport.DbReset.setUp(DbReset.java:10) ~[test-classes/:?]
	at jdk.internal.reflect.NativeMethodAccessorImpl.invoke0(Native Method) ~[?:?]
	at jdk.internal.reflect.NativeMethodAccessorImpl.invoke(NativeMethodAccessorImpl.java:62) ~[?:?]
	at jdk.internal.reflect.DelegatingMethodAccessorImpl.invoke(DelegatingMethodAccessorImpl.java:43) ~[?:?]
	at java.lang.reflect.Method.invoke(Method.java:566) ~[?:?]
	at org.junit.runners.model.FrameworkMethod$1.runReflectiveCall(FrameworkMethod.java:50) ~[junit-4.12.jar:4.12]
	at org.junit.internal.runners.model.ReflectiveCallable.run(ReflectiveCallable.java:12) ~[junit-4.12.jar:4.12]
	at org.junit.runners.model.FrameworkMethod.invokeExplosively(FrameworkMethod.java:47) ~[junit-4.12.jar:4.12]
	at org.junit.internal.runners.statements.RunBefores.evaluate(RunBefores.java:24) ~[junit-4.12.jar:4.12]
	at org.junit.runners.ParentRunner.runLeaf(ParentRunner.java:325) ~[junit-4.12.jar:4.12]
	at org.junit.runners.BlockJUnit4ClassRunner.runChild(BlockJUnit4ClassRunner.java:78) ~[junit-4.12.jar:4.12]
	at org.junit.runners.BlockJUnit4ClassRunner.runChild(BlockJUnit4ClassRunner.java:57) ~[junit-4.12.jar:4.12]
	at org.junit.runners.ParentRunner$3.run(ParentRunner.java:290) ~[junit-4.12.jar:4.12]
	at org.junit.runners.ParentRunner$1.schedule(ParentRunner.java:71) ~[junit-4.12.jar:4.12]
	at org.junit.runners.ParentRunner.runChildren(ParentRunner.java:288) ~[junit-4.12.jar:4.12]
	at org.junit.runners.ParentRunner.access$000(ParentRunner.java:58) ~[junit-4.12.jar:4.12]
	at org.junit.runners.ParentRunner$2.evaluate(ParentRunner.java:268) ~[junit-4.12.jar:4.12]
	at org.junit.runners.ParentRunner.run(ParentRunner.java:363) ~[junit-4.12.jar:4.12]
	at org.junit.runner.JUnitCore.run(JUnitCore.java:137) ~[junit-4.12.jar:4.12]
	at org.junit.runner.JUnitCore.run(JUnitCore.java:115) ~[junit-4.12.jar:4.12]
	at org.junit.vintage.engine.execution.RunnerExecutor.execute(RunnerExecutor.java:42) ~[junit-vintage-engine-4.12.0.jar:4.12.0]
	at java.util.stream.ForEachOps$ForEachOp$OfRef.accept(ForEachOps.java:183) [?:?]
	at java.util.stream.ReferencePipeline$3$1.accept(ReferencePipeline.java:195) [?:?]
	at java.util.Iterator.forEachRemaining(Iterator.java:133) [?:?]
	at java.util.Spliterators$IteratorSpliterator.forEachRemaining(Spliterators.java:1801) [?:?]
	at java.util.stream.AbstractPipeline.copyInto(AbstractPipeline.java:484) [?:?]
	at java.util.stream.AbstractPipeline.wrapAndCopyInto(AbstractPipeline.java:474) [?:?]
	at java.util.stream.ForEachOps$ForEachOp.evaluateSequential(ForEachOps.java:150) [?:?]
	at java.util.stream.ForEachOps$ForEachOp$OfRef.evaluateSequential(ForEachOps.java:173) [?:?]
	at java.util.stream.AbstractPipeline.evaluate(AbstractPipeline.java:234) [?:?]
	at java.util.stream.ReferencePipeline.forEach(ReferencePipeline.java:497) [?:?]
	at org.junit.vintage.engine.VintageTestEngine.executeAllChildren(VintageTestEngine.java:83) [junit-vintage-engine-4.12.0.jar:4.12.0]
	at org.junit.vintage.engine.VintageTestEngine.execute(VintageTestEngine.java:74) [junit-vintage-engine-4.12.0.jar:4.12.0]
	at org.junit.platform.launcher.core.DefaultLauncher.execute(DefaultLauncher.java:170) [junit-platform-launcher-1.0.0.jar:1.0.0]
	at org.junit.platform.launcher.core.DefaultLauncher.execute(DefaultLauncher.java:154) [junit-platform-launcher-1.0.0.jar:1.0.0]
	at org.junit.platform.launcher.core.DefaultLauncher.execute(DefaultLauncher.java:90) [junit-platform-launcher-1.0.0.jar:1.0.0]
	at org.junit.platform.surefire.provider.JUnitPlatformProvider.invokeSingleClass(JUnitPlatformProvider.java:144) [junit-platform-surefire-provider-1.0.0.jar:1.0.0]
	at org.junit.platform.surefire.provider.JUnitPlatformProvider.invokeAllTests(JUnitPlatformProvider.java:126) [junit-platform-surefire-provider-1.0.0.jar:1.0.0]
	at org.junit.platform.surefire.provider.JUnitPlatformProvider.invoke(JUnitPlatformProvider.java:105) [junit-platform-surefire-provider-1.0.0.jar:1.0.0]
	at org.apache.maven.surefire.booter.ForkedBooter.invokeProviderInSameClassLoader(ForkedBooter.java:286) [surefire-booter-2.19.jar:2.19]
	at org.apache.maven.surefire.booter.ForkedBooter.runSuitesInProcess(ForkedBooter.java:240) [surefire-booter-2.19.jar:2.19]
	at org.apache.maven.surefire.booter.ForkedBooter.main(ForkedBooter.java:121) [surefire-booter-2.19.jar:2.19]
